<?xml version="1.0" encoding="UTF-8"?>
<testng-results ignored="0" total="2" passed="2" failed="0" skipped="0">
  <reporter-output>
  </reporter-output>
  <suite started-at="2024-07-15T21:23:59 IST" name="Suite" finished-at="2024-07-15T21:25:08 IST" duration-ms="68882">
    <groups>
    </groups>
    <test started-at="2024-07-15T21:23:59 IST" name="Test" finished-at="2024-07-15T21:25:08 IST" duration-ms="68882">
      <class name="SSquareIt.SeleniumFramework.E2ETest">
        <test-method signature="endTOENDTest(java.lang.String,java.lang.String)[pri:0, instance:SSquareIt.SeleniumFramework.E2ETest@712625fd]" started-at="2024-07-15T21:23:59 IST" name="endTOENDTest" data-provider="getData" finished-at="2024-07-15T21:24:33 IST" duration-ms="33921" status="PASS">
          <params>
            <param index="0">
              <value>
                <![CDATA[sambhajibhanuse333@gmail.com]]>
              </value>
            </param>
            <param index="1">
              <value>
                <![CDATA[Sambhaji@0207]]>
              </value>
            </param>
          </params>
          <reporter-output>
          </reporter-output>
        </test-method> <!-- endTOENDTest -->
        <test-method signature="endTOENDTest(java.lang.String,java.lang.String)[pri:0, instance:SSquareIt.SeleniumFramework.E2ETest@712625fd]" started-at="2024-07-15T21:24:33 IST" name="endTOENDTest" data-provider="getData" finished-at="2024-07-15T21:25:07 IST" duration-ms="34672" status="PASS">
          <params>
            <param index="0">
              <value>
                <![CDATA[bhanusepatil333@gmail.com]]>
              </value>
            </param>
            <param index="1">
              <value>
                <![CDATA[Sambhaji@333]]>
              </value>
            </param>
          </params>
          <reporter-output>
          </reporter-output>
        </test-method> <!-- endTOENDTest -->
      </class> <!-- SSquareIt.SeleniumFramework.E2ETest -->
    </test> <!-- Test -->
  </suite> <!-- Suite -->
</testng-results>
